-------------------------------------------------------------------------------
Test set: com.fsd.emart.item.test.TestRepository
-------------------------------------------------------------------------------
Tests run: 1, Failures: 0, Errors: 1, Skipped: 0, Time elapsed: 0.001 s <<< FAILURE! - in com.fsd.emart.item.test.TestRepository
initializationError  Time elapsed: 0 s  <<< ERROR!
java.lang.Exception: No runnable methods

