-------------------------------------------------------------------------------
Test set: com.fsd.emart.item.test.TestItemService
-------------------------------------------------------------------------------
Tests run: 1, Failures: 0, Errors: 1, Skipped: 0, Time elapsed: 0.032 s <<< FAILURE! - in com.fsd.emart.item.test.TestItemService
initializationError  Time elapsed: 0.023 s  <<< ERROR!
java.lang.Exception: No runnable methods

