-------------------------------------------------------------------------------
Test set: com.fsd.emart.item.test.TestTemplate
-------------------------------------------------------------------------------
Tests run: 1, Failures: 0, Errors: 1, Skipped: 0, Time elapsed: 0 s <<< FAILURE! - in com.fsd.emart.item.test.TestTemplate
initializationError  Time elapsed: 0 s  <<< ERROR!
java.lang.Exception: No runnable methods

